time="2026-04-09T17:36:01-03:00" level=warning msg="C:\\Users\\gabri\\OneDrive\\Documentos\\Projetos\\job-aggregator\\docker-compose.yml: the attribute `version` is obsolete, it will be ignored, please remove it to avoid potential confusion"
#1 [internal] load local bake definitions
#1 reading from stdin 584B done
#1 DONE 0.0s

#2 [internal] load build definition from Dockerfile
#2 DONE 0.0s

#2 [internal] load build definition from Dockerfile
#2 transferring dockerfile: 183B done
#2 DONE 0.0s

#3 [internal] load metadata for docker.io/library/node:18-alpine
#3 DONE 0.6s

#4 [internal] load .dockerignore
#4 transferring context: 135B done
#4 DONE 0.0s

#5 [1/6] FROM docker.io/library/node:18-alpine@sha256:8d6421d663b4c28fd3ebc498332f249011d118945588d0a35cb9bc4b8ca09d9e
#5 resolve docker.io/library/node:18-alpine@sha256:8d6421d663b4c28fd3ebc498332f249011d118945588d0a35cb9bc4b8ca09d9e 0.0s done
#5 DONE 0.0s

#6 [internal] load build context
#6 transferring context: 2.99kB 0.0s done
#6 DONE 0.0s

#7 [2/6] WORKDIR /app
#7 CACHED

#8 [3/6] COPY package*.json ./
#8 CACHED

#9 [4/6] RUN npm ci
#9 0.573 npm error code EUSAGE
#9 0.573 npm error
#9 0.573 npm error The `npm ci` command can only install with an existing package-lock.json or
#9 0.573 npm error npm-shrinkwrap.json with lockfileVersion >= 1. Run an install with npm@5 or
#9 0.573 npm error later to generate a package-lock.json file, then try again.
#9 0.573 npm error
#9 0.573 npm error Clean install a project
#9 0.573 npm error
#9 0.573 npm error Usage:
#9 0.573 npm error npm ci
#9 0.573 npm error
#9 0.573 npm error Options:
#9 0.573 npm error [--install-strategy <hoisted|nested|shallow|linked>] [--legacy-bundling]
#9 0.573 npm error [--global-style] [--omit <dev|optional|peer> [--omit <dev|optional|peer> ...]]
#9 0.573 npm error [--include <prod|dev|optional|peer> [--include <prod|dev|optional|peer> ...]]
#9 0.573 npm error [--strict-peer-deps] [--foreground-scripts] [--ignore-scripts] [--no-audit]
#9 0.573 npm error [--no-bin-links] [--no-fund] [--dry-run]
#9 0.573 npm error [-w|--workspace <workspace-name> [-w|--workspace <workspace-name> ...]]
#9 0.573 npm error [-ws|--workspaces] [--include-workspace-root] [--install-links]
#9 0.573 npm error
#9 0.573 npm error aliases: clean-install, ic, install-clean, isntall-clean
#9 0.573 npm error
#9 0.573 npm error Run "npm help ci" for more info
#9 0.575 npm error A complete log of this run can be found in: /root/.npm/_logs/2026-04-09T20_36_02_546Z-debug-0.log
#9 ERROR: process "/bin/sh -c npm ci" did not complete successfully: exit code: 1
------
 > [4/6] RUN npm ci:
0.573 npm error [--include <prod|dev|optional|peer> [--include <prod|dev|optional|peer> ...]]
0.573 npm error [--strict-peer-deps] [--foreground-scripts] [--ignore-scripts] [--no-audit]
0.573 npm error [--no-bin-links] [--no-fund] [--dry-run]
0.573 npm error [-w|--workspace <workspace-name> [-w|--workspace <workspace-name> ...]]
0.573 npm error [-ws|--workspaces] [--include-workspace-root] [--install-links]
0.573 npm error
0.573 npm error aliases: clean-install, ic, install-clean, isntall-clean
0.573 npm error
0.573 npm error Run "npm help ci" for more info
0.575 npm error A complete log of this run can be found in: /root/.npm/_logs/2026-04-09T20_36_02_546Z-debug-0.log
------
Dockerfile:7

--------------------

   5 |     COPY package*.json ./

   6 |     

   7 | >>> RUN npm ci

   8 |     

   9 |     COPY . .

--------------------

failed to solve: process "/bin/sh -c npm ci" did not complete successfully: exit code: 1



View build details: docker-desktop://dashboard/build/default/default/ne0sqd4afs13tke1xdtm79fta

